<?xml version="1.0" encoding="UTF-8"?>
<!-- Generated by org.testng.reporters.JUnitXMLReporter -->
<testsuite ignored="0" hostname="BLR1-LHP-N73414" failures="0" tests="12" name="Test" time="28.391" errors="0" timestamp="2023-10-18T16:31:05 IST">
  <testcase classname="api.test.DataDrivenTest" name="testPostUser" time="3.82"/>
  <testcase classname="api.test.DataDrivenTest" name="testPostUser" time="1.92"/>
  <testcase classname="api.test.DataDrivenTest" name="testPostUser" time="2.358"/>
  <testcase classname="api.test.DataDrivenTest" name="testPostUser" time="1.834"/>
  <testcase classname="api.test.DataDrivenTest" name="testgetData" time="3.132"/>
  <testcase classname="api.test.DataDrivenTest" name="testgetData" time="2.227"/>
  <testcase classname="api.test.DataDrivenTest" name="testgetData" time="1.943"/>
  <testcase classname="api.test.DataDrivenTest" name="testgetData" time="1.536"/>
  <testcase classname="api.test.DataDrivenTest" name="testDeleteUserName" time="1.999"/>
  <testcase classname="api.test.DataDrivenTest" name="testDeleteUserName" time="1.838"/>
  <testcase classname="api.test.DataDrivenTest" name="testDeleteUserName" time="2.145"/>
  <testcase classname="api.test.DataDrivenTest" name="testDeleteUserName" time="2.363"/>
</testsuite> <!-- Test -->
