<?xml version="1.0" encoding="UTF-8"?>
<testng-results ignored="0" total="4" passed="4" failed="0" skipped="0">
  <reporter-output>
  </reporter-output>
  <suite started-at="2023-10-18T19:48:20 IST" name="PetStore Suit" finished-at="2023-10-18T19:48:30 IST" duration-ms="9814">
    <groups>
    </groups>
    <test started-at="2023-10-18T19:48:20 IST" name="Test" finished-at="2023-10-18T19:48:30 IST" duration-ms="9814">
      <class name="api.test.UserTest2">
        <test-method is-config="true" signature="setupData()[pri:0, instance:api.test.UserTest2@14d3bc22]" started-at="2023-10-18T19:48:20 IST" name="setupData" finished-at="2023-10-18T19:48:20 IST" duration-ms="433" status="PASS">
          <reporter-output>
          </reporter-output>
        </test-method> <!-- setupData -->
        <test-method signature="testPostUser()[pri:1, instance:api.test.UserTest2@14d3bc22]" started-at="2023-10-18T19:48:20 IST" name="testPostUser" finished-at="2023-10-18T19:48:23 IST" duration-ms="2706" status="PASS">
          <reporter-output>
          </reporter-output>
        </test-method> <!-- testPostUser -->
        <test-method signature="testgetUsers()[pri:2, instance:api.test.UserTest2@14d3bc22]" started-at="2023-10-18T19:48:23 IST" name="testgetUsers" finished-at="2023-10-18T19:48:25 IST" duration-ms="1599" status="PASS">
          <reporter-output>
          </reporter-output>
        </test-method> <!-- testgetUsers -->
        <test-method signature="testUpdateUser()[pri:3, instance:api.test.UserTest2@14d3bc22]" started-at="2023-10-18T19:48:25 IST" name="testUpdateUser" finished-at="2023-10-18T19:48:28 IST" duration-ms="3408" status="PASS">
          <reporter-output>
          </reporter-output>
        </test-method> <!-- testUpdateUser -->
        <test-method signature="testDeleteUser()[pri:4, instance:api.test.UserTest2@14d3bc22]" started-at="2023-10-18T19:48:28 IST" name="testDeleteUser" finished-at="2023-10-18T19:48:30 IST" duration-ms="1474" status="PASS">
          <reporter-output>
          </reporter-output>
        </test-method> <!-- testDeleteUser -->
      </class> <!-- api.test.UserTest2 -->
    </test> <!-- Test -->
  </suite> <!-- PetStore Suit -->
</testng-results>
