<?xml version="1.0" encoding="UTF-8"?>
<testsuite xmlns:xsi="http://www.w3.org/2001/XMLSchema-instance" xsi:noNamespaceSchemaLocation="https://maven.apache.org/surefire/maven-surefire-plugin/xsd/surefire-test-report-3.0.xsd" version="3.0" name="TestSuite" time="10.284" tests="4" errors="0" skipped="0" failures="0">
  <properties>
[...]
</properties>
  <testcase name="testPostUser" classname="api.test.UserTest2" time="2.709">
    <system-out><![CDATA[19:48:20.891 [main] INFO  api.test.UserTest2 - ******Create User********
HTTP/1.1 200 OK
Date: Wed, 18 Oct 2023 14:18:23 GMT
Content-Type: application/json
Transfer-Encoding: chunked
Connection: keep-alive
Access-Control-Allow-Origin: *
Access-Control-Allow-Methods: GET, POST, DELETE, PUT
Access-Control-Allow-Headers: Content-Type, api_key, Authorization
Server: Jetty(9.2.9.v20150224)

{
    "code": 200,
    "type": "unknown",
    "message": "684566052"
}
19:48:23.591 [main] INFO  api.test.UserTest2 - ******Create User Pass Successfully********
]]></system-out>
    <system-err><![CDATA[SLF4J: Failed to load class "org.slf4j.impl.StaticLoggerBinder".
SLF4J: Defaulting to no-operation (NOP) logger implementation
SLF4J: See http://www.slf4j.org/codes.html#StaticLoggerBinder for further details.
]]></system-err>
  </testcase>
  <testcase name="testgetUsers" classname="api.test.UserTest2" time="1.599">
    <system-out><![CDATA[19:48:23.598 [main] INFO  api.test.UserTest2 - ******Get User********
HTTP/1.1 200 OK
Date: Wed, 18 Oct 2023 14:18:24 GMT
Content-Type: application/json
Transfer-Encoding: chunked
Connection: keep-alive
Access-Control-Allow-Origin: *
Access-Control-Allow-Methods: GET, POST, DELETE, PUT
Access-Control-Allow-Headers: Content-Type, api_key, Authorization
Server: Jetty(9.2.9.v20150224)

{
    "id": 684566052,
    "username": "johana.yost",
    "firstName": "Marcelle",
    "lastName": "Herzog",
    "email": "avelina.kohler@example.com",
    "password": "rxey4jpl7",
    "phone": "1-535-667-0257",
    "userStatus": 0
}
19:48:25.197 [main] INFO  api.test.UserTest2 - ******Get User Pass Successfully********
]]></system-out>
  </testcase>
  <testcase name="testUpdateUser" classname="api.test.UserTest2" time="3.41">
    <system-out><![CDATA[19:48:25.199 [main] INFO  api.test.UserTest2 - ******Update User********
HTTP/1.1 200 OK
Date: Wed, 18 Oct 2023 14:18:26 GMT
Content-Type: application/json
Transfer-Encoding: chunked
Connection: keep-alive
Access-Control-Allow-Origin: *
Access-Control-Allow-Methods: GET, POST, DELETE, PUT
Access-Control-Allow-Headers: Content-Type, api_key, Authorization
Server: Jetty(9.2.9.v20150224)

{
    "code": 200,
    "type": "unknown",
    "message": "684566052"
}
HTTP/1.1 200 OK
Date: Wed, 18 Oct 2023 14:18:28 GMT
Content-Type: application/json
Transfer-Encoding: chunked
Connection: keep-alive
Access-Control-Allow-Origin: *
Access-Control-Allow-Methods: GET, POST, DELETE, PUT
Access-Control-Allow-Headers: Content-Type, api_key, Authorization
Server: Jetty(9.2.9.v20150224)

{
    "id": 684566052,
    "username": "johana.yost",
    "firstName": "Christian",
    "lastName": "Lehner",
    "email": "lindsay.dare@example.com",
    "password": "rxey4jpl7",
    "phone": "1-535-667-0257",
    "userStatus": 0
}
19:48:28.606 [main] INFO  api.test.UserTest2 - ******update User Pass Successfully********
]]></system-out>
  </testcase>
  <testcase name="testDeleteUser" classname="api.test.UserTest2" time="1.475">
    <system-out><![CDATA[19:48:28.610 [main] INFO  api.test.UserTest2 - ******Delete User********
19:48:30.083 [main] INFO  api.test.UserTest2 - ******Delet User Pass Successfully********
]]></system-out>
  </testcase>
</testsuite>