<?xml version="1.0" encoding="UTF-8"?>
<!-- Generated by org.testng.reporters.JUnitXMLReporter -->
<testsuite ignored="0" hostname="BLR1-LHP-N73414" failures="0" tests="4" name="Test" time="10.358" errors="0" timestamp="2023-10-18T19:08:21 IST">
  <testcase classname="api.test.UserTest2" name="testPostUser" time="2.908"/>
  <testcase classname="api.test.UserTest2" name="testgetUsers" time="1.791"/>
  <testcase classname="api.test.UserTest2" name="testUpdateUser" time="3.259"/>
  <testcase classname="api.test.UserTest2" name="testDeleteUser" time="1.77"/>
</testsuite> <!-- Test -->
